Copyright 1986-2014 Xilinx, Inc. All Rights Reserved.
-----------------------------------------------------------------------------------------------------------------------------------------
| Tool Version : Vivado v.2014.2 (win64) Build 932637 Wed Jun 11 13:33:10 MDT 2014
| Date         : Sun Mar 29 18:35:15 2015
| Host         : 2002-15 running 64-bit Service Pack 1  (build 7601)
| Command      : report_timing_summary -warn_on_violation -file TopLevel_timing_summary_routed.rpt -pb TopLevel_timing_summary_routed.pb
| Design       : TopLevel
| Device       : 7a100t-csg324
| Speed File   : -1  PRODUCTION 1.12 2014-03-13
-----------------------------------------------------------------------------------------------------------------------------------------

Timing Summary Report

------------------------------------------------------------------------------------------------
| Timer Settings
| --------------
------------------------------------------------------------------------------------------------

  Enable Multi Corner Analysis               :  Yes
  Enable Pessimism Removal                   :  Yes
  Pessimism Removal Resolution               :  Nearest Common Node
  Enable Input Delay Default Clock           :  No
  Enable Preset / Clear Arcs                 :  No
  Disable Flight Delays                      :  No

  Corner  Analyze    Analyze    
  Name    Max Paths  Min Paths  
  ------  ---------  ---------  
  Slow    Yes        Yes        
  Fast    Yes        Yes        



check_timing report

Table of Contents
-----------------
1. checking no_clock
2. checking constant clock
3. checking pulse_width_clock
4. checking unconstrained_internal_endpoints
5. checking no_input_delay
6. checking no_output_delay
7. checking multiple_clock
8. checking generated_clocks
9. checking loops
10. checking partial_input_delay
11. checking partial_output_delay
12. checking unexpandable_clocks
13. checking latch_loops

1. checking no_clock
--------------------
 There are 8 register/latch pins with no clock driven by root clock pin: Allo/OPOut_reg[0]/C (HIGH)

 There are 16 register/latch pins with no clock driven by root clock pin: Allo/OPOut_reg[1]/C (HIGH)

 There are 16 register/latch pins with no clock driven by root clock pin: Allo/OPOut_reg[2]/C (HIGH)

 There are 16 register/latch pins with no clock driven by root clock pin: Allo/OPOut_reg[3]/C (HIGH)


2. checking constant clock
--------------------------
 There are 0 register/latch pins with constant_clock.


3. checking pulse_width_clock
-----------------------------
 There are 0 register/latch pins which need pulse_width check


4. checking unconstrained_internal_endpoints
--------------------------------------------
 There are 16 pins that are not constrained for maximum delay. (HIGH)

 There are 0 pins that are not constrained for maximum delay due to constant clock.


5. checking no_input_delay
--------------------------
 There are 18 input ports with no input delay specified. (HIGH)

 There are 0 input ports with no input delay but user has a false path constraint.


6. checking no_output_delay
---------------------------
 There are 8 ports with no output delay specified. (HIGH)

 There are 0 ports with no output delay but user has a false path constraint

 There are 0 ports with no output delay but has a clock definition.


7. checking multiple_clock
--------------------------
 There are 0 register/latch pins with multiple clocks.


8. checking generated_clocks
----------------------------
 There are 0 generated clocks that are not connected to a clock source.


9. checking loops
-----------------
 There are 0 combinational loops in the design.


10. checking partial_input_delay
--------------------------------
 There are 0 input ports with partial input delay specified.


11. checking partial_output_delay
---------------------------------
 There are 0 ports with partial output delay specified.


12. checking unexpandable_clocks
--------------------------------
 There are 0 unexpandable clock pairs.


13. checking latch_loops
------------------------
 There are 0 combinational latch loops in the design through latch input



------------------------------------------------------------------------------------------------
| Design Timing Summary
| ---------------------
------------------------------------------------------------------------------------------------

    WNS(ns)      TNS(ns)  TNS Failing Endpoints  TNS Total Endpoints      WHS(ns)      THS(ns)  THS Failing Endpoints  THS Total Endpoints     WPWS(ns)     TPWS(ns)  TPWS Failing Endpoints  TPWS Total Endpoints  
    -------      -------  ---------------------  -------------------      -------      -------  ---------------------  -------------------     --------     --------  ----------------------  --------------------  
      3.066        0.000                      0                  273        0.036        0.000                      0                  273        3.750        0.000                       0                   122  


All user specified timing constraints are met.


------------------------------------------------------------------------------------------------
| Clock Summary
| -------------
------------------------------------------------------------------------------------------------

Clock        Waveform(ns)       Period(ns)      Frequency(MHz)
-----        ------------       ----------      --------------
sys_clk_pin  {0.000 5.000}      10.000          100.000         


------------------------------------------------------------------------------------------------
| Intra Clock Table
| -----------------
------------------------------------------------------------------------------------------------

Clock             WNS(ns)      TNS(ns)  TNS Failing Endpoints  TNS Total Endpoints      WHS(ns)      THS(ns)  THS Failing Endpoints  THS Total Endpoints     WPWS(ns)     TPWS(ns)  TPWS Failing Endpoints  TPWS Total Endpoints  
-----             -------      -------  ---------------------  -------------------      -------      -------  ---------------------  -------------------     --------     --------  ----------------------  --------------------  
sys_clk_pin         3.066        0.000                      0                  273        0.036        0.000                      0                  273        3.750        0.000                       0                   122  


------------------------------------------------------------------------------------------------
| Inter Clock Table
| -----------------
------------------------------------------------------------------------------------------------

From Clock    To Clock          WNS(ns)      TNS(ns)  TNS Failing Endpoints  TNS Total Endpoints      WHS(ns)      THS(ns)  THS Failing Endpoints  THS Total Endpoints  
----------    --------          -------      -------  ---------------------  -------------------      -------      -------  ---------------------  -------------------  


------------------------------------------------------------------------------------------------
| Other Path Groups Table
| -----------------------
------------------------------------------------------------------------------------------------

Path Group    From Clock    To Clock          WNS(ns)      TNS(ns)  TNS Failing Endpoints  TNS Total Endpoints      WHS(ns)      THS(ns)  THS Failing Endpoints  THS Total Endpoints  
----------    ----------    --------          -------      -------  ---------------------  -------------------      -------      -------  ---------------------  -------------------  


------------------------------------------------------------------------------------------------
| Timing Details
| --------------
------------------------------------------------------------------------------------------------


---------------------------------------------------------------------------------------------------
From Clock:  sys_clk_pin
  To Clock:  sys_clk_pin

Setup :            0  Failing Endpoints,  Worst Slack        3.066ns,  Total Violation        0.000ns
Hold  :            0  Failing Endpoints,  Worst Slack        0.036ns,  Total Violation        0.000ns
PW    :            0  Failing Endpoints,  Worst Slack        3.750ns,  Total Violation        0.000ns
---------------------------------------------------------------------------------------------------


Max Delay Paths
--------------------------------------------------------------------------------------
Slack (MET) :             3.066ns  (required time - arrival time)
  Source:                 D1/Count/X_reg[7]/C
                            (rising edge-triggered cell FDRE clocked by sys_clk_pin  {rise@0.000ns fall@5.000ns period=10.000ns})
  Destination:            Allo/ReadAddrAOut_reg[1]/CE
                            (rising edge-triggered cell FDRE clocked by sys_clk_pin  {rise@0.000ns fall@5.000ns period=10.000ns})
  Path Group:             sys_clk_pin
  Path Type:              Setup (Max at Slow Process Corner)
  Requirement:            10.000ns  (sys_clk_pin rise@10.000ns - sys_clk_pin rise@0.000ns)
  Data Path Delay:        6.665ns  (logic 0.952ns (14.283%)  route 5.713ns (85.717%))
  Logic Levels:           4  (LUT2=1 LUT3=1 LUT5=1 LUT6=1)
  Clock Path Skew:        -0.028ns (DCD - SCD + CPR)
    Destination Clock Delay (DCD):    4.785ns = ( 14.785 - 10.000 ) 
    Source Clock Delay      (SCD):    4.993ns
    Clock Pessimism Removal (CPR):    0.180ns
  Clock Uncertainty:      0.035ns  ((TSJ^2 + TIJ^2)^1/2 + DJ) / 2 + PE
    Total System Jitter     (TSJ):    0.071ns
    Total Input Jitter      (TIJ):    0.000ns
    Discrete Jitter          (DJ):    0.000ns
    Phase Error              (PE):    0.000ns

    Location             Delay type                Incr(ns)  Path(ns)    Netlist Resource(s)
  -------------------------------------------------------------------    -------------------
                         (clock sys_clk_pin rise edge)
                                                      0.000     0.000 r  
    E3                                                0.000     0.000 r  Clocktop
                         net (fo=0)                   0.000     0.000    Clocktop
    E3                   IBUF (Prop_ibuf_I_O)         1.482     1.482 r  Clocktop_IBUF_inst/O
                         net (fo=1, routed)           1.780     3.262    Clocktop_IBUF
    BUFGCTRL_X0Y16       BUFG (Prop_bufg_I_O)         0.096     3.358 r  Clocktop_IBUF_BUFG_inst/O
                         net (fo=121, routed)         1.634     4.993    D1/Count/M_Clock
    SLICE_X47Y56                                                      r  D1/Count/X_reg[7]/C
  -------------------------------------------------------------------    -------------------
    SLICE_X47Y56         FDRE (Prop_fdre_C_Q)         0.456     5.449 r  D1/Count/X_reg[7]/Q
                         net (fo=2, routed)           0.862     6.311    D1/Evnt/CountValue[7]
    SLICE_X46Y56         LUT6 (Prop_lut6_I0_O)        0.124     6.435 r  D1/Evnt/Events[20]_INST_0_i_1/O
                         net (fo=2, routed)           1.091     7.525    D1/Evnt/n_0_Events[20]_INST_0_i_1
    SLICE_X46Y59         LUT5 (Prop_lut5_I0_O)        0.124     7.649 r  D1/Evnt/Events[18]_INST_0/O
                         net (fo=1, routed)           0.670     8.320    D1/p_0_in
    SLICE_X46Y59         LUT3 (Prop_lut3_I0_O)        0.124     8.444 r  D1/OutPB_INST_0/O
                         net (fo=9, routed)           2.441    10.884    Allo/PBRin
    SLICE_X86Y66         LUT2 (Prop_lut2_I0_O)        0.124    11.008 r  Allo/ReadAddrAOut[3]_i_1/O
                         net (fo=12, routed)          0.650    11.658    Allo/n_0_ReadAddrAOut[3]_i_1
    SLICE_X85Y70         FDRE                                         r  Allo/ReadAddrAOut_reg[1]/CE
  -------------------------------------------------------------------    -------------------

                         (clock sys_clk_pin rise edge)
                                                     10.000    10.000 r  
    E3                                                0.000    10.000 r  Clocktop
                         net (fo=0)                   0.000    10.000    Clocktop
    E3                   IBUF (Prop_ibuf_I_O)         1.411    11.411 r  Clocktop_IBUF_inst/O
                         net (fo=1, routed)           1.683    13.094    Clocktop_IBUF
    BUFGCTRL_X0Y16       BUFG (Prop_bufg_I_O)         0.091    13.185 r  Clocktop_IBUF_BUFG_inst/O
                         net (fo=121, routed)         1.599    14.785    Allo/M_Clock
    SLICE_X85Y70                                                      r  Allo/ReadAddrAOut_reg[1]/C
                         clock pessimism              0.180    14.965    
                         clock uncertainty           -0.035    14.929    
    SLICE_X85Y70         FDRE (Setup_fdre_C_CE)      -0.205    14.724    Allo/ReadAddrAOut_reg[1]
  -------------------------------------------------------------------
                         required time                         14.724    
                         arrival time                         -11.658    
  -------------------------------------------------------------------
                         slack                                  3.066    





Min Delay Paths
--------------------------------------------------------------------------------------
Slack (MET) :             0.036ns  (arrival time - required time)
  Source:                 Allo/WriteAddrOut_reg[0]/C
                            (rising edge-triggered cell FDRE clocked by sys_clk_pin  {rise@0.000ns fall@5.000ns period=10.000ns})
  Destination:            Reg/RegMem_reg_r2_0_15_6_7/RAMA/WADR0
                            (rising edge-triggered cell RAMD32 clocked by sys_clk_pin  {rise@0.000ns fall@5.000ns period=10.000ns})
  Path Group:             sys_clk_pin
  Path Type:              Hold (Min at Fast Process Corner)
  Requirement:            0.000ns  (sys_clk_pin rise@0.000ns - sys_clk_pin rise@0.000ns)
  Data Path Delay:        0.359ns  (logic 0.141ns (39.235%)  route 0.218ns (60.765%))
  Logic Levels:           0  
  Clock Path Skew:        0.013ns (DCD - SCD - CPR)
    Destination Clock Delay (DCD):    1.937ns
    Source Clock Delay      (SCD):    1.431ns
    Clock Pessimism Removal (CPR):    0.492ns

    Location             Delay type                Incr(ns)  Path(ns)    Netlist Resource(s)
  -------------------------------------------------------------------    -------------------
                         (clock sys_clk_pin rise edge)
                                                      0.000     0.000 r  
    E3                                                0.000     0.000 r  Clocktop
                         net (fo=0)                   0.000     0.000    Clocktop
    E3                   IBUF (Prop_ibuf_I_O)         0.250     0.250 r  Clocktop_IBUF_inst/O
                         net (fo=1, routed)           0.558     0.808    Clocktop_IBUF
    BUFGCTRL_X0Y16       BUFG (Prop_bufg_I_O)         0.026     0.834 r  Clocktop_IBUF_BUFG_inst/O
                         net (fo=121, routed)         0.598     1.431    Allo/M_Clock
    SLICE_X85Y69                                                      r  Allo/WriteAddrOut_reg[0]/C
  -------------------------------------------------------------------    -------------------
    SLICE_X85Y69         FDRE (Prop_fdre_C_Q)         0.141     1.572 r  Allo/WriteAddrOut_reg[0]/Q
                         net (fo=32, routed)          0.218     1.791    Reg/RegMem_reg_r2_0_15_6_7/ADDRD0
    SLICE_X84Y69         RAMD32                                       r  Reg/RegMem_reg_r2_0_15_6_7/RAMA/WADR0
  -------------------------------------------------------------------    -------------------

                         (clock sys_clk_pin rise edge)
                                                      0.000     0.000 r  
    E3                                                0.000     0.000 r  Clocktop
                         net (fo=0)                   0.000     0.000    Clocktop
    E3                   IBUF (Prop_ibuf_I_O)         0.438     0.438 r  Clocktop_IBUF_inst/O
                         net (fo=1, routed)           0.603     1.040    Clocktop_IBUF
    BUFGCTRL_X0Y16       BUFG (Prop_bufg_I_O)         0.029     1.069 r  Clocktop_IBUF_BUFG_inst/O
                         net (fo=121, routed)         0.868     1.937    Reg/RegMem_reg_r2_0_15_6_7/WCLK
    SLICE_X84Y69                                                      r  Reg/RegMem_reg_r2_0_15_6_7/RAMA/CLK
                         clock pessimism             -0.492     1.444    
    SLICE_X84Y69         RAMD32 (Hold_ramd32_CLK_WADR0)
                                                      0.310     1.754    Reg/RegMem_reg_r2_0_15_6_7/RAMA
  -------------------------------------------------------------------
                         required time                         -1.754    
                         arrival time                           1.791    
  -------------------------------------------------------------------
                         slack                                  0.036    





Pulse Width Checks
--------------------------------------------------------------------------------------
Clock Name:         sys_clk_pin
Waveform:           { 0 5 }
Period:             10.000
Sources:            { Clocktop }

Check Type        Corner  Lib Pin     Reference Pin  Required  Actual  Slack  Location        Pin
Min Period        n/a     BUFG/I      n/a            2.155     10.000  7.845  BUFGCTRL_X0Y16  Clocktop_IBUF_BUFG_inst/I
Low Pulse Width   Fast    RAMD32/CLK  n/a            1.250     5.000   3.750  SLICE_X84Y70    Reg/RegMem_reg_r1_0_15_6_7/RAMA/CLK
High Pulse Width  Slow    RAMD32/CLK  n/a            1.250     5.000   3.750  SLICE_X84Y69    Reg/RegMem_reg_r2_0_15_6_7/RAMA/CLK



