Copyright 1986-2014 Xilinx, Inc. All Rights Reserved.
---------------------------------------------------------------------------------------------------------------
| Tool Version     : Vivado v.2014.2 (win64) Build 932637 Wed Jun 11 13:33:10 MDT 2014
| Date             : Sun Mar 29 18:35:16 2015
| Host             : 2002-15 running 64-bit Service Pack 1  (build 7601)
| Command          : report_power -file TopLevel_power_routed.rpt -pb TopLevel_power_summary_routed.pb
| Design           : TopLevel
| Device           : xc7a100tcsg324-1
| Design State     : Routed
| Grade            : commercial
| Process          : typical
| Characterization : Production
---------------------------------------------------------------------------------------------------------------

Power Report

Table of Contents
-----------------
1. Summary
1.1 On-Chip Components
1.2 Power Supply Summary
1.3 Confidence Level
2. Settings
2.1 Environment
2.2 Clock Constraints
3. Detailed Reports
3.1 By Hierarchy

1. Summary
----------

+--------------------------+-------+
| Total On-Chip Power (W)  | 0.098 |
| Dynamic (W)              | 0.001 |
| Device Static (W)        | 0.097 |
| Total Off-Chip Power (W) | 0.000 |
| Effective TJA (C/W)      | 4.6   |
| Max Ambient (C)          | 84.6  |
| Junction Temperature (C) | 25.4  |
| Confidence Level         | Low   |
| Setting File             | ---   |
| Simulation Activity File | ---   |
| Design Nets Matched      | NA    |
+--------------------------+-------+


1.1 On-Chip Components
----------------------

+--------------------------+-----------+----------+-----------+-----------------+
| On-Chip                  | Power (W) | Used     | Available | Utilization (%) |
+--------------------------+-----------+----------+-----------+-----------------+
| Clocks                   |    <0.001 |        1 |       --- |             --- |
| Slice Logic              |    <0.001 |      285 |       --- |             --- |
|   LUT as Logic           |    <0.001 |       89 |     63400 |            0.14 |
|   CARRY4                 |    <0.001 |       12 |     15850 |            0.07 |
|   Register               |    <0.001 |      105 |    126800 |            0.08 |
|   LUT as Distributed RAM |    <0.001 |       16 |     19000 |            0.08 |
|   F7/F8 Muxes            |    <0.001 |        1 |     63400 |           <0.01 |
|   Others                 |     0.000 |       27 |       --- |             --- |
| Signals                  |    <0.001 |      226 |       --- |             --- |
| I/O                      |    <0.001 |       30 |       210 |           14.28 |
| Static Power             |     0.097 |          |           |                 |
| Total                    |     0.098 |          |           |                 |
+--------------------------+-----------+----------+-----------+-----------------+


1.2 Power Supply Summary
------------------------

+-----------+-------------+-----------+-------------+------------+
| Source    | Voltage (V) | Total (A) | Dynamic (A) | Static (A) |
+-----------+-------------+-----------+-------------+------------+
| Vccint    |       1.000 |     0.016 |       0.001 |      0.015 |
| Vccaux    |       1.800 |     0.018 |       0.000 |      0.018 |
| Vcco33    |       3.300 |     0.004 |       0.000 |      0.004 |
| Vcco25    |       2.500 |     0.000 |       0.000 |      0.000 |
| Vcco18    |       1.800 |     0.000 |       0.000 |      0.000 |
| Vcco15    |       1.500 |     0.000 |       0.000 |      0.000 |
| Vcco135   |       1.350 |     0.000 |       0.000 |      0.000 |
| Vcco12    |       1.200 |     0.000 |       0.000 |      0.000 |
| Vccaux_io |       0.000 |     0.000 |       0.000 |      0.000 |
| Vccbram   |       1.000 |     0.000 |       0.000 |      0.000 |
| MGTAVcc   |       1.000 |     0.000 |       0.000 |      0.000 |
| MGTAVtt   |       1.200 |     0.000 |       0.000 |      0.000 |
| Vccadc    |       1.800 |     0.020 |       0.000 |      0.020 |
+-----------+-------------+-----------+-------------+------------+


1.3 Confidence Level
--------------------

+-----------------------------+------------+--------------------------------------------------------+--------------------------------------------------------------------------------------------------------------------+
| User Input Data             | Confidence | Details                                                | Action                                                                                                             |
+-----------------------------+------------+--------------------------------------------------------+--------------------------------------------------------------------------------------------------------------------+
| Design implementation state | High       | Design is routed                                       |                                                                                                                    |
| Clock nodes activity        | Medium     | More than 5% of clocks are missing user specification  | Provide missing clock activity with a constraint file, simulation results or by editing the "By Clock Domain" view |
| I/O nodes activity          | Low        | More than 75% of inputs are missing user specification | Provide missing input activity with simulation results or by editing the "By Resource Type -> I/Os" view           |
| Internal nodes activity     | Medium     | User specified less than 25% of internal nodes         | Provide missing internal nodes activity with simulation results or by editing the "By Resource Type" views         |
| Device models               | High       | Device models are Production                           |                                                                                                                    |
|                             |            |                                                        |                                                                                                                    |
| Overall confidence level    | Low        |                                                        |                                                                                                                    |
+-----------------------------+------------+--------------------------------------------------------+--------------------------------------------------------------------------------------------------------------------+


2. Settings
-----------

2.1 Environment
---------------

+-----------------------+--------------------------+
| Ambient Temp (C)      | 25.0                     |
| ThetaJA (C/W)         | 4.6                      |
| Airflow (LFM)         | 250                      |
| Heat Sink             | medium (Medium Profile)  |
| ThetaSA (C/W)         | 4.6                      |
| Board Selection       | medium (10"x10")         |
| # of Board Layers     | 12to15 (12 to 15 Layers) |
| Board Temperature (C) | 25.0                     |
+-----------------------+--------------------------+


2.2 Clock Constraints
---------------------

+-------------+----------+-----------------+
| Clock       | Domain   | Constraint (ns) |
+-------------+----------+-----------------+
| sys_clk_pin | Clocktop |            10.0 |
+-------------+----------+-----------------+


3. Detailed Reports
-------------------

3.1 By Hierarchy
----------------

+----------------------------+-----------+
| Name                       | Power (W) |
+----------------------------+-----------+
| TopLevel                   |     0.001 |
|   ALUcomp                  |    <0.001 |
|     ALU0                   |    <0.001 |
|     ALU1                   |    <0.001 |
|     ALU2                   |    <0.001 |
|     ALU3                   |    <0.001 |
|     ALU4                   |    <0.001 |
|     ALU5                   |    <0.001 |
|     ALU6                   |    <0.001 |
|     ALU7                   |    <0.001 |
|   Allo                     |    <0.001 |
|   D1                       |    <0.001 |
|     Count                  |    <0.001 |
|     Evnt                   |    <0.001 |
|   D2                       |    <0.001 |
|     Count                  |    <0.001 |
|     Evnt                   |    <0.001 |
|   Hold                     |    <0.001 |
|   Reg                      |    <0.001 |
|     RegMem_reg_r1_0_15_0_5 |    <0.001 |
|     RegMem_reg_r1_0_15_6_7 |    <0.001 |
|     RegMem_reg_r2_0_15_0_5 |    <0.001 |
|     RegMem_reg_r2_0_15_6_7 |    <0.001 |
+----------------------------+-----------+


