Copyright 1986-2014 Xilinx, Inc. All Rights Reserved.
-------------------------------------------------------------------------------------
| Tool Version : Vivado v.2014.2 (win64) Build 932637 Wed Jun 11 13:33:10 MDT 2014
| Date         : Wed Apr 15 15:56:36 2015
| Host         : 2002-2 running 64-bit Service Pack 1  (build 7601)
| Command      : report_control_sets -verbose -file TopLevel_control_sets_placed.rpt
| Design       : TopLevel
| Device       : xc7a100t
-------------------------------------------------------------------------------------

Control Set Information

Table of Contents
-----------------
1. Summary
2. Flip-Flop Distribution
3. Detailed Control Set Information

1. Summary
----------

+-------------------------------------------------------------------+-------+
|                               Status                              | Count |
+-------------------------------------------------------------------+-------+
| Number of unique control sets                                     |     2 |
| Minimum Number of register sites lost to control set restrictions |     7 |
+-------------------------------------------------------------------+-------+


2. Flip-Flop Distribution
-------------------------

+--------------+-----------------------+------------------------+-----------------+--------------+
| Clock Enable | Synchronous Set/Reset | Asynchronous Set/Reset | Total Registers | Total Slices |
+--------------+-----------------------+------------------------+-----------------+--------------+
| No           | No                    | No                     |             305 |          104 |
| No           | No                    | Yes                    |               0 |            0 |
| No           | Yes                   | No                     |               0 |            0 |
| Yes          | No                    | No                     |               0 |            0 |
| Yes          | No                    | Yes                    |               0 |            0 |
| Yes          | Yes                   | No                     |               0 |            0 |
+--------------+-----------------------+------------------------+-----------------+--------------+


3. Detailed Control Set Information
-----------------------------------

+-----------------------------+---------------+------------------+------------------+----------------+
|         Clock Signal        | Enable Signal | Set/Reset Signal | Slice Load Count | Bel Load Count |
+-----------------------------+---------------+------------------+------------------+----------------+
|  Mux/n_0_LEDout_reg[15]_i_2 |               |                  |                8 |             16 |
|  Clock_top_IBUF_BUFG        |               |                  |               96 |            289 |
+-----------------------------+---------------+------------------+------------------+----------------+


