Copyright 1986-2014 Xilinx, Inc. All Rights Reserved.
-----------------------------------------------------------------------------------------------------------------------------------------
| Tool Version : Vivado v.2014.2 (win64) Build 932637 Wed Jun 11 13:33:10 MDT 2014
| Date         : Wed Mar 25 11:29:10 2015
| Host         : 2002-14 running 64-bit Service Pack 1  (build 7601)
| Command      : report_timing_summary -warn_on_violation -file TopLevel_timing_summary_routed.rpt -pb TopLevel_timing_summary_routed.pb
| Design       : TopLevel
| Device       : 7a100t-csg324
| Speed File   : -1  PRODUCTION 1.12 2014-03-13
-----------------------------------------------------------------------------------------------------------------------------------------

Timing Summary Report

------------------------------------------------------------------------------------------------
| Timer Settings
| --------------
------------------------------------------------------------------------------------------------

  Enable Multi Corner Analysis               :  Yes
  Enable Pessimism Removal                   :  Yes
  Pessimism Removal Resolution               :  Nearest Common Node
  Enable Input Delay Default Clock           :  No
  Enable Preset / Clear Arcs                 :  No
  Disable Flight Delays                      :  No

  Corner  Analyze    Analyze    
  Name    Max Paths  Min Paths  
  ------  ---------  ---------  
  Slow    Yes        Yes        
  Fast    Yes        Yes        



check_timing report

Table of Contents
-----------------
1. checking no_clock
2. checking constant clock
3. checking pulse_width_clock
4. checking unconstrained_internal_endpoints
5. checking no_input_delay
6. checking no_output_delay
7. checking multiple_clock
8. checking generated_clocks
9. checking loops
10. checking partial_input_delay
11. checking partial_output_delay
12. checking unexpandable_clocks
13. checking latch_loops

1. checking no_clock
--------------------
 There are 0 register/latch pins with no clock.


2. checking constant clock
--------------------------
 There are 0 register/latch pins with constant_clock.


3. checking pulse_width_clock
-----------------------------
 There are 0 register/latch pins which need pulse_width check


4. checking unconstrained_internal_endpoints
--------------------------------------------
 There are 0 pins that are not constrained for maximum delay.

 There are 0 pins that are not constrained for maximum delay due to constant clock.


5. checking no_input_delay
--------------------------
 There are 18 input ports with no input delay specified. (HIGH)

 There are 0 input ports with no input delay but user has a false path constraint.


6. checking no_output_delay
---------------------------
 There are 8 ports with no output delay specified. (HIGH)

 There are 0 ports with no output delay but user has a false path constraint

 There are 0 ports with no output delay but has a clock definition.


7. checking multiple_clock
--------------------------
 There are 0 register/latch pins with multiple clocks.


8. checking generated_clocks
----------------------------
 There are 0 generated clocks that are not connected to a clock source.


9. checking loops
-----------------
 There are 0 combinational loops in the design.


10. checking partial_input_delay
--------------------------------
 There are 0 input ports with partial input delay specified.


11. checking partial_output_delay
---------------------------------
 There are 0 ports with partial output delay specified.


12. checking unexpandable_clocks
--------------------------------
 There are 0 unexpandable clock pairs.


13. checking latch_loops
------------------------
 There are 0 combinational latch loops in the design through latch input



------------------------------------------------------------------------------------------------
| Design Timing Summary
| ---------------------
------------------------------------------------------------------------------------------------

    WNS(ns)      TNS(ns)  TNS Failing Endpoints  TNS Total Endpoints      WHS(ns)      THS(ns)  THS Failing Endpoints  THS Total Endpoints     WPWS(ns)     TPWS(ns)  TPWS Failing Endpoints  TPWS Total Endpoints  
    -------      -------  ---------------------  -------------------      -------      -------  ---------------------  -------------------     --------     --------  ----------------------  --------------------  
      5.348        0.000                      0                  251        0.057        0.000                      0                  251        3.750        0.000                       0                   100  


All user specified timing constraints are met.


------------------------------------------------------------------------------------------------
| Clock Summary
| -------------
------------------------------------------------------------------------------------------------

Clock        Waveform(ns)       Period(ns)      Frequency(MHz)
-----        ------------       ----------      --------------
sys_clk_pin  {0.000 5.000}      10.000          100.000         


------------------------------------------------------------------------------------------------
| Intra Clock Table
| -----------------
------------------------------------------------------------------------------------------------

Clock             WNS(ns)      TNS(ns)  TNS Failing Endpoints  TNS Total Endpoints      WHS(ns)      THS(ns)  THS Failing Endpoints  THS Total Endpoints     WPWS(ns)     TPWS(ns)  TPWS Failing Endpoints  TPWS Total Endpoints  
-----             -------      -------  ---------------------  -------------------      -------      -------  ---------------------  -------------------     --------     --------  ----------------------  --------------------  
sys_clk_pin         5.348        0.000                      0                  251        0.057        0.000                      0                  251        3.750        0.000                       0                   100  


------------------------------------------------------------------------------------------------
| Inter Clock Table
| -----------------
------------------------------------------------------------------------------------------------

From Clock    To Clock          WNS(ns)      TNS(ns)  TNS Failing Endpoints  TNS Total Endpoints      WHS(ns)      THS(ns)  THS Failing Endpoints  THS Total Endpoints  
----------    --------          -------      -------  ---------------------  -------------------      -------      -------  ---------------------  -------------------  


------------------------------------------------------------------------------------------------
| Other Path Groups Table
| -----------------------
------------------------------------------------------------------------------------------------

Path Group    From Clock    To Clock          WNS(ns)      TNS(ns)  TNS Failing Endpoints  TNS Total Endpoints      WHS(ns)      THS(ns)  THS Failing Endpoints  THS Total Endpoints  
----------    ----------    --------          -------      -------  ---------------------  -------------------      -------      -------  ---------------------  -------------------  


------------------------------------------------------------------------------------------------
| Timing Details
| --------------
------------------------------------------------------------------------------------------------


---------------------------------------------------------------------------------------------------
From Clock:  sys_clk_pin
  To Clock:  sys_clk_pin

Setup :            0  Failing Endpoints,  Worst Slack        5.348ns,  Total Violation        0.000ns
Hold  :            0  Failing Endpoints,  Worst Slack        0.057ns,  Total Violation        0.000ns
PW    :            0  Failing Endpoints,  Worst Slack        3.750ns,  Total Violation        0.000ns
---------------------------------------------------------------------------------------------------


Max Delay Paths
--------------------------------------------------------------------------------------
Slack (MET) :             5.348ns  (required time - arrival time)
  Source:                 D1/Count/X_reg[20]/C
                            (rising edge-triggered cell FDRE clocked by sys_clk_pin  {rise@0.000ns fall@5.000ns period=10.000ns})
  Destination:            Allo/OPOut_reg[0]/CE
                            (rising edge-triggered cell FDRE clocked by sys_clk_pin  {rise@0.000ns fall@5.000ns period=10.000ns})
  Path Group:             sys_clk_pin
  Path Type:              Setup (Max at Slow Process Corner)
  Requirement:            10.000ns  (sys_clk_pin rise@10.000ns - sys_clk_pin rise@0.000ns)
  Data Path Delay:        4.379ns  (logic 1.120ns (25.576%)  route 3.259ns (74.424%))
  Logic Levels:           3  (LUT2=1 LUT4=1 LUT6=1)
  Clock Path Skew:        -0.033ns (DCD - SCD + CPR)
    Destination Clock Delay (DCD):    4.795ns = ( 14.795 - 10.000 ) 
    Source Clock Delay      (SCD):    5.080ns
    Clock Pessimism Removal (CPR):    0.252ns
  Clock Uncertainty:      0.035ns  ((TSJ^2 + TIJ^2)^1/2 + DJ) / 2 + PE
    Total System Jitter     (TSJ):    0.071ns
    Total Input Jitter      (TIJ):    0.000ns
    Discrete Jitter          (DJ):    0.000ns
    Phase Error              (PE):    0.000ns

    Location             Delay type                Incr(ns)  Path(ns)    Netlist Resource(s)
  -------------------------------------------------------------------    -------------------
                         (clock sys_clk_pin rise edge)
                                                      0.000     0.000 r  
    E3                                                0.000     0.000 r  Clocktop
                         net (fo=0)                   0.000     0.000    Clocktop
    E3                   IBUF (Prop_ibuf_I_O)         1.482     1.482 r  Clocktop_IBUF_inst/O
                         net (fo=1, routed)           1.780     3.262    Clocktop_IBUF
    BUFGCTRL_X0Y16       BUFG (Prop_bufg_I_O)         0.096     3.358 r  Clocktop_IBUF_BUFG_inst/O
                         net (fo=99, routed)          1.721     5.080    D1/Count/Clocktop_IBUF_BUFG
    SLICE_X84Y67                                                      r  D1/Count/X_reg[20]/C
  -------------------------------------------------------------------    -------------------
    SLICE_X84Y67         FDRE (Prop_fdre_C_Q)         0.518     5.598 f  D1/Count/X_reg[20]/Q
                         net (fo=2, routed)           1.075     6.673    D1/Count/n_0_X_reg[20]
    SLICE_X85Y67         LUT4 (Prop_lut4_I2_O)        0.152     6.825 f  D1/Count/WriteENOut_i_2/O
                         net (fo=2, routed)           0.960     7.785    D1/Count/n_0_WriteENOut_i_2
    SLICE_X85Y64         LUT6 (Prop_lut6_I1_O)        0.326     8.111 f  D1/Count/WriteENOut_i_1/O
                         net (fo=14, routed)          0.734     8.845    D1/Count/O1[0]
    SLICE_X85Y62         LUT2 (Prop_lut2_I1_O)        0.124     8.969 r  D1/Count/ReadAddrAOut[3]_i_1/O
                         net (fo=10, routed)          0.490     9.459    Allo/I1[0]
    SLICE_X86Y61         FDRE                                         r  Allo/OPOut_reg[0]/CE
  -------------------------------------------------------------------    -------------------

                         (clock sys_clk_pin rise edge)
                                                     10.000    10.000 r  
    E3                                                0.000    10.000 r  Clocktop
                         net (fo=0)                   0.000    10.000    Clocktop
    E3                   IBUF (Prop_ibuf_I_O)         1.411    11.411 r  Clocktop_IBUF_inst/O
                         net (fo=1, routed)           1.683    13.094    Clocktop_IBUF
    BUFGCTRL_X0Y16       BUFG (Prop_bufg_I_O)         0.091    13.185 r  Clocktop_IBUF_BUFG_inst/O
                         net (fo=99, routed)          1.609    14.795    Allo/Clocktop_IBUF_BUFG
    SLICE_X86Y61                                                      r  Allo/OPOut_reg[0]/C
                         clock pessimism              0.252    15.047    
                         clock uncertainty           -0.035    15.011    
    SLICE_X86Y61         FDRE (Setup_fdre_C_CE)      -0.205    14.806    Allo/OPOut_reg[0]
  -------------------------------------------------------------------
                         required time                         14.806    
                         arrival time                          -9.459    
  -------------------------------------------------------------------
                         slack                                  5.348    





Min Delay Paths
--------------------------------------------------------------------------------------
Slack (MET) :             0.057ns  (arrival time - required time)
  Source:                 Allo/WriteAddrOut_reg[3]/C
                            (rising edge-triggered cell FDRE clocked by sys_clk_pin  {rise@0.000ns fall@5.000ns period=10.000ns})
  Destination:            Reg/RegMem_reg_r2_0_15_6_7/RAMA/WADR3
                            (rising edge-triggered cell RAMD32 clocked by sys_clk_pin  {rise@0.000ns fall@5.000ns period=10.000ns})
  Path Group:             sys_clk_pin
  Path Type:              Hold (Min at Fast Process Corner)
  Requirement:            0.000ns  (sys_clk_pin rise@0.000ns - sys_clk_pin rise@0.000ns)
  Data Path Delay:        0.333ns  (logic 0.141ns (42.318%)  route 0.192ns (57.682%))
  Logic Levels:           0  
  Clock Path Skew:        0.036ns (DCD - SCD - CPR)
    Destination Clock Delay (DCD):    1.943ns
    Source Clock Delay      (SCD):    1.437ns
    Clock Pessimism Removal (CPR):    0.469ns

    Location             Delay type                Incr(ns)  Path(ns)    Netlist Resource(s)
  -------------------------------------------------------------------    -------------------
                         (clock sys_clk_pin rise edge)
                                                      0.000     0.000 r  
    E3                                                0.000     0.000 r  Clocktop
                         net (fo=0)                   0.000     0.000    Clocktop
    E3                   IBUF (Prop_ibuf_I_O)         0.250     0.250 r  Clocktop_IBUF_inst/O
                         net (fo=1, routed)           0.558     0.808    Clocktop_IBUF
    BUFGCTRL_X0Y16       BUFG (Prop_bufg_I_O)         0.026     0.834 r  Clocktop_IBUF_BUFG_inst/O
                         net (fo=99, routed)          0.604     1.437    Allo/Clocktop_IBUF_BUFG
    SLICE_X87Y62                                                      r  Allo/WriteAddrOut_reg[3]/C
  -------------------------------------------------------------------    -------------------
    SLICE_X87Y62         FDRE (Prop_fdre_C_Q)         0.141     1.578 r  Allo/WriteAddrOut_reg[3]/Q
                         net (fo=32, routed)          0.192     1.771    Reg/RegMem_reg_r2_0_15_6_7/ADDRD3
    SLICE_X84Y62         RAMD32                                       r  Reg/RegMem_reg_r2_0_15_6_7/RAMA/WADR3
  -------------------------------------------------------------------    -------------------

                         (clock sys_clk_pin rise edge)
                                                      0.000     0.000 r  
    E3                                                0.000     0.000 r  Clocktop
                         net (fo=0)                   0.000     0.000    Clocktop
    E3                   IBUF (Prop_ibuf_I_O)         0.438     0.438 r  Clocktop_IBUF_inst/O
                         net (fo=1, routed)           0.603     1.040    Clocktop_IBUF
    BUFGCTRL_X0Y16       BUFG (Prop_bufg_I_O)         0.029     1.069 r  Clocktop_IBUF_BUFG_inst/O
                         net (fo=99, routed)          0.874     1.943    Reg/RegMem_reg_r2_0_15_6_7/WCLK
    SLICE_X84Y62                                                      r  Reg/RegMem_reg_r2_0_15_6_7/RAMA/CLK
                         clock pessimism             -0.469     1.473    
    SLICE_X84Y62         RAMD32 (Hold_ramd32_CLK_WADR3)
                                                      0.240     1.713    Reg/RegMem_reg_r2_0_15_6_7/RAMA
  -------------------------------------------------------------------
                         required time                         -1.713    
                         arrival time                           1.771    
  -------------------------------------------------------------------
                         slack                                  0.057    





Pulse Width Checks
--------------------------------------------------------------------------------------
Clock Name:         sys_clk_pin
Waveform:           { 0 5 }
Period:             10.000
Sources:            { Clocktop }

Check Type        Corner  Lib Pin     Reference Pin  Required  Actual  Slack  Location        Pin
Min Period        n/a     BUFG/I      n/a            2.155     10.000  7.845  BUFGCTRL_X0Y16  Clocktop_IBUF_BUFG_inst/I
Low Pulse Width   Fast    RAMD32/CLK  n/a            1.250     5.000   3.750  SLICE_X88Y60    Reg/RegMem_reg_r1_0_15_0_5/RAMA/CLK
High Pulse Width  Slow    RAMD32/CLK  n/a            1.250     5.000   3.750  SLICE_X84Y61    Reg/RegMem_reg_r1_0_15_6_7/RAMA/CLK



